2021-10-30 12:28:22 info: =================================
2021-10-30 12:28:22 info: ======= ENV: development =======
2021-10-30 12:28:22 info: 🚀 App listening on the port 5000
2021-10-30 12:28:22 info: =================================
2021-10-30 12:29:22 info: [0mOPTIONS /contacts [32m204[0m 3.689 ms - 0[0m
2021-10-30 12:29:22 info: [0mGET /contacts [32m200[0m 587.596 ms - 401[0m
2021-10-30 12:30:45 info: [0mOPTIONS /contacts [32m204[0m 0.341 ms - 0[0m
2021-10-30 12:30:46 info: [0mGET /contacts [36m304[0m 246.047 ms - -[0m
2021-10-30 12:31:58 info: [0mOPTIONS /contacts [32m204[0m 0.457 ms - 0[0m
2021-10-30 12:31:58 info: [0mGET /contacts [36m304[0m 245.254 ms - -[0m
2021-10-30 12:33:12 info: [0mOPTIONS /contacts [32m204[0m 0.316 ms - 0[0m
2021-10-30 12:33:13 info: [0mGET /contacts [36m304[0m 462.117 ms - -[0m
2021-10-30 12:43:18 info: [0mOPTIONS /contacts [32m204[0m 0.393 ms - 0[0m
2021-10-30 12:43:19 info: [0mGET /contacts [36m304[0m 260.864 ms - -[0m
2021-10-30 12:43:32 info: [0mOPTIONS /contacts [32m204[0m 0.348 ms - 0[0m
2021-10-30 12:43:33 info: [0mGET /contacts [36m304[0m 1133.481 ms - -[0m
2021-10-30 12:44:09 info: [0mOPTIONS /login [32m204[0m 0.636 ms - 0[0m
2021-10-30 12:44:10 info: [0mPOST /login [32m200[0m 696.798 ms - 169[0m
2021-10-30 12:44:10 info: [0mOPTIONS /contacts [32m204[0m 0.365 ms - 0[0m
2021-10-30 12:44:12 info: [0mGET /contacts [36m304[0m 1654.008 ms - -[0m
2021-10-30 13:36:23 info: =================================
2021-10-30 13:36:23 info: ======= ENV: development =======
2021-10-30 13:36:23 info: 🚀 App listening on the port 5000
2021-10-30 13:36:23 info: =================================
2021-10-30 13:40:27 info: [0mOPTIONS /contacts [32m204[0m 2.934 ms - 0[0m
2021-10-30 13:40:30 info: [0mGET /contacts [36m304[0m 2762.507 ms - -[0m
2021-10-30 13:41:17 info: [0mOPTIONS /login [32m204[0m 0.461 ms - 0[0m
2021-10-30 13:41:36 error: [POST] /login >> StatusCode:: 409, Message:: Your email JohnDoe@gmail.com is not found
2021-10-30 13:41:36 info: [0mPOST /login [33m409[0m 19237.992 ms - 55[0m
2021-10-30 13:42:58 info: [0mOPTIONS /login [32m204[0m 0.392 ms - 0[0m
2021-10-30 13:43:39 error: [POST] /login >> StatusCode:: 409, Message:: Your email JohnDoe@gmail.com is not found
2021-10-30 13:43:39 info: [0mPOST /login [33m409[0m 40328.240 ms - 55[0m
2021-10-30 13:46:28 info: [0mOPTIONS /login [32m204[0m 0.381 ms - 0[0m
2021-10-30 13:46:29 error: [POST] /login >> StatusCode:: 409, Message:: Your email JohnDoe@gmail.com is not found
2021-10-30 13:46:29 info: [0mPOST /login [33m409[0m 296.676 ms - 55[0m
2021-10-30 13:47:16 info: [0mOPTIONS /login [32m204[0m 0.399 ms - 0[0m
2021-10-30 13:47:16 error: [POST] /login >> StatusCode:: 409, Message:: Your email JohnDoe@gmail.com is not found
2021-10-30 13:47:16 info: [0mPOST /login [33m409[0m 280.673 ms - 55[0m
2021-10-30 13:48:52 info: =================================
2021-10-30 13:48:52 info: ======= ENV: development =======
2021-10-30 13:48:52 info: 🚀 App listening on the port 5000
2021-10-30 13:48:52 info: =================================
2021-10-30 13:52:21 info: =================================
2021-10-30 13:52:21 info: ======= ENV: development =======
2021-10-30 13:52:21 info: 🚀 App listening on the port 5000
2021-10-30 13:52:21 info: =================================
2021-10-30 13:52:29 info: [0mOPTIONS /login [32m204[0m 3.783 ms - 0[0m
2021-10-30 13:52:29 error: [POST] /login >> StatusCode:: 409, Message:: Your email JohnDoe@gmail.com is not found
2021-10-30 13:52:29 info: [0mPOST /login [33m409[0m 503.190 ms - 55[0m
2021-10-30 13:53:27 info: [0mOPTIONS /login [32m204[0m 0.465 ms - 0[0m
2021-10-30 13:53:27 error: [POST] /login >> StatusCode:: 409, Message:: Your email dev@gmail.com is not found
2021-10-30 13:53:27 info: [0mPOST /login [33m409[0m 335.542 ms - 51[0m
2021-10-30 13:53:39 info: [0mOPTIONS /login [32m204[0m 0.331 ms - 0[0m
2021-10-30 13:53:40 error: [POST] /login >> StatusCode:: 409, Message:: Your email dev@gmail.com is not found
2021-10-30 13:53:40 info: [0mPOST /login [33m409[0m 463.777 ms - 51[0m
2021-10-30 13:54:02 info: [0mOPTIONS /login [32m204[0m 0.364 ms - 0[0m
2021-10-30 13:54:02 error: [POST] /login >> StatusCode:: 409, Message:: Your email dev@gmail.com is not found
2021-10-30 13:54:02 info: [0mPOST /login [33m409[0m 497.456 ms - 51[0m
2021-10-30 13:56:03 info: [0mOPTIONS /login [32m204[0m 0.422 ms - 0[0m
2021-10-30 13:56:04 error: [POST] /login >> StatusCode:: 409, Message:: Your email dev@gmail.com is not found
2021-10-30 13:56:04 info: [0mPOST /login [33m409[0m 1751.989 ms - 51[0m
2021-10-30 13:56:15 info: [0mOPTIONS /login [32m204[0m 0.384 ms - 0[0m
2021-10-30 13:56:16 info: [0mPOST /login [32m200[0m 660.600 ms - 169[0m
2021-10-30 13:56:17 info: [0mOPTIONS /contacts [32m204[0m 0.332 ms - 0[0m
2021-10-30 13:56:18 info: [0mGET /contacts [36m304[0m 479.509 ms - -[0m
