2021-12-31 17:03:17 info: =================================
2021-12-31 17:03:17 info: ======= ENV: development =======
2021-12-31 17:03:17 info: 🚀 App listening on the port 5000
2021-12-31 17:03:17 info: =================================
2021-12-31 17:04:22 info: [0mPOST /users [32m201[0m 474.758 ms - 171[0m
2021-12-31 17:04:53 info: [0mGET /users [32m200[0m 26.517 ms - 173[0m
2021-12-31 17:46:51 info: =================================
2021-12-31 17:46:51 info: ======= ENV: development =======
2021-12-31 17:46:51 info: 🚀 App listening on the port 5000
2021-12-31 17:46:51 info: =================================
2021-12-31 17:49:14 info: =================================
2021-12-31 17:49:14 info: ======= ENV: development =======
2021-12-31 17:49:14 info: 🚀 App listening on the port 5000
2021-12-31 17:49:14 info: =================================
2021-12-31 17:50:39 info: =================================
2021-12-31 17:50:39 info: ======= ENV: development =======
2021-12-31 17:50:39 info: 🚀 App listening on the port 5000
2021-12-31 17:50:39 info: =================================
2021-12-31 17:50:49 info: =================================
2021-12-31 17:50:49 info: ======= ENV: development =======
2021-12-31 17:50:49 info: 🚀 App listening on the port 5000
2021-12-31 17:50:49 info: =================================
2021-12-31 17:50:58 error: [GET] /post >> StatusCode:: 413, Message:: request entity too large
2021-12-31 17:50:58 info: [0mGET /post [33m413[0m 13.627 ms - 38[0m
2021-12-31 17:54:44 info: =================================
2021-12-31 17:54:44 info: ======= ENV: development =======
2021-12-31 17:54:44 info: 🚀 App listening on the port 5000
2021-12-31 17:54:44 info: =================================
2021-12-31 17:54:52 info: [0mGET /post [32m200[0m 39.128 ms - 12[0m
2021-12-31 17:55:09 info: [0mPOST /post [32m201[0m 97.591 ms - -[0m
2021-12-31 17:56:15 info: [0mGET /post [32m200[0m 13.411 ms - -[0m
2021-12-31 17:57:12 info: [0mDELETE /post/61cf35edbc4b741094813423 [32m200[0m 19.738 ms - -[0m
2021-12-31 17:57:23 info: [0mGET /post [32m200[0m 7.100 ms - 12[0m
2021-12-31 18:04:06 info: [0mOPTIONS /post [32m204[0m 0.418 ms - 0[0m
2021-12-31 18:04:06 info: [0mPOST /post [32m201[0m 32.847 ms - -[0m
2021-12-31 18:13:36 info: [0mGET /post/61cf3806bc4b741094813428 [32m200[0m 16.939 ms - -[0m
2021-12-31 18:13:46 info: [0mDELETE /post/61cf3806bc4b741094813428 [32m200[0m 18.512 ms - -[0m
2021-12-31 18:13:52 error: [GET] /post/61cf3806bc4b741094813428 >> StatusCode:: 409, Message:: No Post
2021-12-31 18:13:52 info: [0mGET /post/61cf3806bc4b741094813428 [33m409[0m 12.161 ms - 21[0m
2021-12-31 18:13:58 info: [0mGET /post [32m200[0m 21.913 ms - 12[0m
2021-12-31 18:16:38 info: [0mOPTIONS /post [32m204[0m 0.238 ms - 0[0m
2021-12-31 18:16:38 info: [0mPOST /post [32m201[0m 37.380 ms - -[0m
