2021-10-20 15:42:48 info: =================================
2021-10-20 15:42:48 info: ======= ENV: development =======
2021-10-20 15:42:48 info: 🚀 App listening on the port 5000
2021-10-20 15:42:48 info: =================================
2021-10-20 15:49:08 info: [0mOPTIONS /contacts [32m204[0m 3.433 ms - 0[0m
2021-10-20 15:49:09 info: [0mPOST /contacts [32m201[0m 603.715 ms - 242[0m
2021-10-20 16:05:24 info: [0mOPTIONS /contacts [32m204[0m 0.241 ms - 0[0m
2021-10-20 16:05:24 info: [0mGET /contacts [32m200[0m 263.392 ms - 205[0m
2021-10-20 16:05:44 info: [0mOPTIONS /contacts [32m204[0m 0.193 ms - 0[0m
2021-10-20 16:05:44 info: [0mGET /contacts [36m304[0m 189.234 ms - -[0m
2021-10-20 16:06:02 info: [0mOPTIONS /contacts/61702c642c46f135f4ffa665 [32m204[0m 0.194 ms - 0[0m
2021-10-20 16:06:03 info: [0mPUT /contacts/61702c642c46f135f4ffa665 [32m200[0m 204.929 ms - 239[0m
2021-10-20 16:06:32 info: [0mOPTIONS /contacts/61702c642c46f135f4ffa665 [32m204[0m 0.226 ms - 0[0m
2021-10-20 16:06:32 info: [0mPUT /contacts/61702c642c46f135f4ffa665 [32m200[0m 192.030 ms - 243[0m
2021-10-20 16:07:07 info: [0mOPTIONS /contacts [32m204[0m 0.334 ms - 0[0m
2021-10-20 16:07:08 info: [0mGET /contacts [36m304[0m 193.262 ms - -[0m
2021-10-20 16:30:23 info: =================================
2021-10-20 16:30:23 info: ======= ENV: development =======
2021-10-20 16:30:23 info: 🚀 App listening on the port 5000
2021-10-20 16:30:23 info: =================================
2021-10-20 16:39:54 info: =================================
2021-10-20 16:39:54 info: ======= ENV: development =======
2021-10-20 16:39:54 info: 🚀 App listening on the port 5000
2021-10-20 16:39:54 info: =================================
2021-10-20 16:40:21 info: =================================
2021-10-20 16:40:21 info: ======= ENV: development =======
2021-10-20 16:40:21 info: 🚀 App listening on the port 5000
2021-10-20 16:40:21 info: =================================
2021-10-20 17:13:56 info: =================================
2021-10-20 17:13:56 info: ======= ENV: development =======
2021-10-20 17:13:56 info: 🚀 App listening on the port 5000
2021-10-20 17:13:56 info: =================================
