2022-12-31 18:01:28 info: =================================
2022-12-31 18:01:28 info: ======= ENV: development =======
2022-12-31 18:01:28 info: 🚀 App listening on the port 5000
2022-12-31 18:01:28 info: =================================
2022-12-31 18:10:41 info: =================================
2022-12-31 18:10:41 info: ======= ENV: development =======
2022-12-31 18:10:41 info: 🚀 App listening on the port 5000
2022-12-31 18:10:41 info: =================================
2022-12-31 18:10:49 info: [0mOPTIONS /stakeholder [32m204[0m 1.414 ms - 0[0m
2022-12-31 18:10:49 info: [0mOPTIONS / [32m204[0m 0.314 ms - 0[0m
2022-12-31 18:10:49 info: [0mGET / [32m200[0m 2.089 ms - 2[0m
2022-12-31 18:10:49 info: [0mGET /stakeholder [32m200[0m 238.107 ms - -[0m
2022-12-31 18:11:30 info: [0mOPTIONS /login [32m204[0m 0.263 ms - 0[0m
2022-12-31 18:11:56 info: [0mPOST /login [32m200[0m 25837.459 ms - 169[0m
2022-12-31 18:11:56 info: [0mOPTIONS /contacts [32m204[0m 0.174 ms - 0[0m
2022-12-31 18:12:11 info: [0mGET /contacts [32m200[0m 14206.206 ms - -[0m
2022-12-31 18:12:20 info: [0mOPTIONS /stakeholder [32m204[0m 0.136 ms - 0[0m
2022-12-31 18:12:20 info: [0mGET /stakeholder [36m304[0m 248.852 ms - -[0m
2022-12-31 18:19:24 info: [0mOPTIONS /stakeholder [32m204[0m 0.139 ms - 0[0m
2022-12-31 18:19:24 info: [0mOPTIONS / [32m204[0m 0.133 ms - 0[0m
2022-12-31 18:19:24 info: [0mGET / [36m304[0m 0.489 ms - -[0m
2022-12-31 18:19:24 info: [0mGET /stakeholder [36m304[0m 225.555 ms - -[0m
2022-12-31 19:16:11 info: =================================
2022-12-31 19:16:11 info: ======= ENV: development =======
2022-12-31 19:16:11 info: 🚀 App listening on the port 5000
2022-12-31 19:16:11 info: =================================
2022-12-31 19:17:34 info: [0mOPTIONS /login [32m204[0m 1.362 ms - 0[0m
2022-12-31 19:17:34 info: [0mPOST /login [32m200[0m 340.368 ms - 169[0m
2022-12-31 19:17:35 info: [0mOPTIONS /contacts [32m204[0m 0.265 ms - 0[0m
2022-12-31 19:17:35 info: [0mGET /contacts [36m304[0m 230.588 ms - -[0m
