2022-04-21 11:01:19 info: =================================
2022-04-21 11:01:19 info: ======= ENV: development =======
2022-04-21 11:01:19 info: 🚀 App listening on the port 5000
2022-04-21 11:01:19 info: =================================
2022-04-21 11:01:51 info: [0mOPTIONS /stakeholder [32m204[0m 1.657 ms - 0[0m
2022-04-21 11:01:51 info: [0mOPTIONS / [32m204[0m 0.137 ms - 0[0m
2022-04-21 11:01:52 info: [0mGET / [32m200[0m 2.244 ms - 2[0m
2022-04-21 11:01:52 info: [0mGET /stakeholder [32m200[0m 290.461 ms - 18[0m
2022-04-21 11:02:31 info: [0mOPTIONS /stakeholder [32m204[0m 0.141 ms - 0[0m
2022-04-21 11:02:31 info: [0mOPTIONS / [32m204[0m 0.134 ms - 0[0m
2022-04-21 11:02:31 info: [0mGET / [36m304[0m 0.613 ms - -[0m
2022-04-21 11:02:31 info: [0mGET /stakeholder [0m-[0m - ms - -[0m
2022-04-21 11:02:58 info: [0mOPTIONS /login [32m204[0m 0.176 ms - 0[0m
2022-04-21 11:02:59 info: [0mPOST /login [32m200[0m 384.702 ms - 169[0m
2022-04-21 11:02:59 info: [0mOPTIONS /contacts [32m204[0m 0.193 ms - 0[0m
2022-04-21 11:02:59 info: [0mGET /contacts [32m200[0m 368.567 ms - -[0m
2022-04-21 11:11:47 info: [0mOPTIONS /stakeholder [32m204[0m 0.277 ms - 0[0m
2022-04-21 11:11:47 info: [0mOPTIONS / [32m204[0m 0.156 ms - 0[0m
2022-04-21 11:11:47 info: [0mGET / [36m304[0m 1.164 ms - -[0m
2022-04-21 11:11:47 info: [0mGET /stakeholder [32m200[0m 343.452 ms - 18[0m
2022-04-21 11:11:58 info: [0mOPTIONS /stakeholder [32m204[0m 0.181 ms - 0[0m
2022-04-21 11:11:58 info: [0mOPTIONS / [32m204[0m 0.769 ms - 0[0m
2022-04-21 11:11:58 info: [0mGET / [36m304[0m 0.428 ms - -[0m
2022-04-21 11:11:59 info: [0mGET /stakeholder [36m304[0m 265.217 ms - -[0m
2022-04-21 11:21:05 info: [0mOPTIONS /stakeholder [32m204[0m 0.596 ms - 0[0m
2022-04-21 11:21:05 info: [0mPOST /stakeholder [32m201[0m 318.502 ms - -[0m
2022-04-21 11:21:22 info: [0mOPTIONS /stakeholder [32m204[0m 0.168 ms - 0[0m
2022-04-21 11:21:22 info: [0mOPTIONS / [32m204[0m 0.182 ms - 0[0m
2022-04-21 11:21:22 info: [0mGET / [36m304[0m 0.403 ms - -[0m
2022-04-21 11:21:22 info: [0mGET /stakeholder [32m200[0m 276.811 ms - -[0m
2022-04-21 11:22:27 info: [0mGET /stakeholder [32m200[0m 327.242 ms - -[0m
2022-04-21 11:24:23 info: =================================
2022-04-21 11:24:23 info: ======= ENV: development =======
2022-04-21 11:24:23 info: 🚀 App listening on the port 5000
2022-04-21 11:24:23 info: =================================
2022-04-21 11:24:31 info: =================================
2022-04-21 11:24:31 info: ======= ENV: development =======
2022-04-21 11:24:31 info: 🚀 App listening on the port 5000
2022-04-21 11:24:31 info: =================================
2022-04-21 11:24:41 info: [0mOPTIONS /stakeholder [32m204[0m 1.366 ms - 0[0m
2022-04-21 11:24:41 info: [0mOPTIONS / [32m204[0m 0.151 ms - 0[0m
2022-04-21 11:24:41 info: [0mGET / [36m304[0m 2.015 ms - -[0m
2022-04-21 11:24:41 info: [0mGET /stakeholder [32m200[0m 255.575 ms - -[0m
2022-04-21 11:30:44 info: [0mOPTIONS /stakeholder [32m204[0m 0.242 ms - 0[0m
2022-04-21 11:30:45 info: [0mGET /stakeholder [36m304[0m 802.601 ms - -[0m
2022-04-21 11:32:24 info: [0mOPTIONS /stakeholder [32m204[0m 0.156 ms - 0[0m
2022-04-21 11:32:24 info: [0mPOST /stakeholder [32m201[0m 284.440 ms - -[0m
2022-04-21 11:34:14 info: [0mOPTIONS /stakeholder [32m204[0m 0.187 ms - 0[0m
2022-04-21 11:34:15 info: [0mPOST /stakeholder [32m201[0m 368.043 ms - -[0m
2022-04-21 11:51:42 info: =================================
2022-04-21 11:51:42 info: ======= ENV: development =======
2022-04-21 11:51:42 info: 🚀 App listening on the port 5000
2022-04-21 11:51:42 info: =================================
2022-04-21 11:52:22 info: =================================
2022-04-21 11:52:22 info: ======= ENV: development =======
2022-04-21 11:52:22 info: 🚀 App listening on the port 5000
2022-04-21 11:52:22 info: =================================
2022-04-21 12:09:11 info: =================================
2022-04-21 12:09:11 info: ======= ENV: development =======
2022-04-21 12:09:11 info: 🚀 App listening on the port 5000
2022-04-21 12:09:11 info: =================================
2022-04-21 12:09:19 info: =================================
2022-04-21 12:09:19 info: ======= ENV: development =======
2022-04-21 12:09:19 info: 🚀 App listening on the port 5000
2022-04-21 12:09:19 info: =================================
2022-04-21 12:09:26 info: =================================
2022-04-21 12:09:26 info: ======= ENV: development =======
2022-04-21 12:09:26 info: 🚀 App listening on the port 5000
2022-04-21 12:09:26 info: =================================
2022-04-21 12:09:35 info: =================================
2022-04-21 12:09:35 info: ======= ENV: development =======
2022-04-21 12:09:35 info: 🚀 App listening on the port 5000
2022-04-21 12:09:35 info: =================================
2022-04-21 12:09:39 info: =================================
2022-04-21 12:09:39 info: ======= ENV: development =======
2022-04-21 12:09:39 info: 🚀 App listening on the port 5000
2022-04-21 12:09:39 info: =================================
2022-04-21 12:09:45 info: =================================
2022-04-21 12:09:45 info: ======= ENV: development =======
2022-04-21 12:09:45 info: 🚀 App listening on the port 5000
2022-04-21 12:09:45 info: =================================
2022-04-21 12:09:57 info: =================================
2022-04-21 12:09:57 info: ======= ENV: development =======
2022-04-21 12:09:57 info: 🚀 App listening on the port 5000
2022-04-21 12:09:57 info: =================================
2022-04-21 12:10:06 info: =================================
2022-04-21 12:10:06 info: ======= ENV: development =======
2022-04-21 12:10:06 info: 🚀 App listening on the port 5000
2022-04-21 12:10:06 info: =================================
2022-04-21 12:16:03 info: [0mOPTIONS /post [32m204[0m 2.433 ms - 0[0m
2022-04-21 12:16:06 info: [0mGET /post [32m200[0m 3104.029 ms - -[0m
2022-04-21 13:30:40 info: [0mOPTIONS /stakeholder [32m204[0m 1.406 ms - 0[0m
2022-04-21 13:30:40 info: [0mOPTIONS / [32m204[0m 0.181 ms - 0[0m
2022-04-21 13:30:40 info: [0mGET / [36m304[0m 2.161 ms - -[0m
2022-04-21 13:30:41 info: [0mGET /stakeholder [32m200[0m 1885.860 ms - -[0m
2022-04-21 13:32:17 info: [0mOPTIONS /stakeholder [32m204[0m 7.518 ms - 0[0m
2022-04-21 13:32:17 info: [0mGET /stakeholder [36m304[0m 256.740 ms - -[0m
2022-04-21 13:33:53 info: [0mOPTIONS /stakeholder [32m204[0m 0.166 ms - 0[0m
2022-04-21 13:33:53 info: [0mGET /stakeholder [36m304[0m 242.775 ms - -[0m
2022-04-21 13:34:46 info: [0mOPTIONS /stakeholder [32m204[0m 0.204 ms - 0[0m
2022-04-21 13:34:47 info: [0mGET /stakeholder [36m304[0m 355.092 ms - -[0m
2022-04-21 13:35:35 info: [0mOPTIONS /stakeholder [32m204[0m 0.159 ms - 0[0m
2022-04-21 13:35:35 info: [0mGET /stakeholder [36m304[0m 271.857 ms - -[0m
2022-04-21 13:35:37 info: [0mGET /stakeholder [36m304[0m 241.413 ms - -[0m
2022-04-21 13:36:24 info: [0mOPTIONS /stakeholder [32m204[0m 0.148 ms - 0[0m
2022-04-21 13:36:24 info: [0mGET /stakeholder [36m304[0m 242.409 ms - -[0m
2022-04-21 13:37:05 info: [0mOPTIONS /stakeholder [32m204[0m 0.142 ms - 0[0m
2022-04-21 13:37:05 info: [0mGET /stakeholder [36m304[0m 233.813 ms - -[0m
2022-04-21 13:37:25 info: [0mOPTIONS /stakeholder [32m204[0m 0.148 ms - 0[0m
2022-04-21 13:41:09 info: [0mOPTIONS /stakeholder [32m204[0m 0.148 ms - 0[0m
2022-04-21 13:41:10 info: [0mGET /stakeholder [36m304[0m 244.292 ms - -[0m
2022-04-21 13:41:27 info: [0mOPTIONS /stakeholder/62613011f9506620fdebc778 [32m204[0m 0.168 ms - 0[0m
2022-04-21 13:41:27 info: [0mPUT /stakeholder/62613011f9506620fdebc778 [32m200[0m 303.439 ms - -[0m
2022-04-21 13:41:36 info: [0mOPTIONS /stakeholder [32m204[0m 0.179 ms - 0[0m
2022-04-21 13:41:36 info: [0mOPTIONS / [32m204[0m 0.134 ms - 0[0m
2022-04-21 13:41:36 info: [0mGET / [36m304[0m 0.455 ms - -[0m
2022-04-21 13:41:36 info: [0mGET /stakeholder [32m200[0m 285.133 ms - -[0m
2022-04-21 13:41:47 info: [0mOPTIONS /stakeholder/62613011f9506620fdebc778 [32m204[0m 0.183 ms - 0[0m
2022-04-21 13:41:47 info: [0mPUT /stakeholder/62613011f9506620fdebc778 [32m200[0m 250.229 ms - -[0m
2022-04-21 13:41:50 info: [0mOPTIONS /stakeholder [32m204[0m 0.151 ms - 0[0m
2022-04-21 13:41:50 info: [0mGET /stakeholder [32m200[0m 258.156 ms - -[0m
2022-04-21 13:42:10 info: [0mOPTIONS /post [32m204[0m 0.145 ms - 0[0m
2022-04-21 13:42:13 info: [0mGET /post [36m304[0m 2453.127 ms - -[0m
2022-04-21 13:44:36 info: [0mOPTIONS /post [32m204[0m 0.189 ms - 0[0m
2022-04-21 13:44:40 info: [0mGET /post [36m304[0m 4096.348 ms - -[0m
2022-04-21 13:45:14 info: [0mOPTIONS /post [32m204[0m 0.177 ms - 0[0m
2022-04-21 13:45:17 info: [0mGET /post [36m304[0m 2606.181 ms - -[0m
2022-04-21 13:49:58 info: [0mOPTIONS /post [32m204[0m 0.181 ms - 0[0m
2022-04-21 13:50:01 info: [0mGET /post [36m304[0m 2617.261 ms - -[0m
2022-04-21 13:50:22 info: [0mOPTIONS /post/61da05089b0237427c89dfdf [32m204[0m 0.141 ms - 0[0m
2022-04-21 13:50:27 info: [0mPUT /post/61da05089b0237427c89dfdf [32m200[0m 4702.887 ms - -[0m
2022-04-21 13:50:35 info: [0mOPTIONS /post [32m204[0m 0.146 ms - 0[0m
2022-04-21 13:50:38 info: [0mGET /post [32m200[0m 3081.905 ms - -[0m
2022-04-21 13:54:23 info: [0mOPTIONS /post [32m204[0m 0.238 ms - 0[0m
2022-04-21 13:54:50 info: [0mGET /post [0m-[0m - ms - -[0m
2022-04-21 13:54:52 info: [0mOPTIONS /post [32m204[0m 0.156 ms - 0[0m
2022-04-21 13:55:04 info: [0mGET /post [32m200[0m 11252.107 ms - -[0m
2022-04-21 13:56:57 info: [0mOPTIONS /post [32m204[0m 0.137 ms - 0[0m
2022-04-21 13:57:03 info: [0mGET /post [36m304[0m 5455.538 ms - -[0m
2022-04-21 13:57:24 info: [0mOPTIONS /post/61da05089b0237427c89dfdf [32m204[0m 0.161 ms - 0[0m
2022-04-21 13:57:29 info: [0mPUT /post/61da05089b0237427c89dfdf [32m200[0m 5191.975 ms - -[0m
2022-04-21 13:57:32 info: [0mOPTIONS /post [32m204[0m 0.162 ms - 0[0m
2022-04-21 13:57:38 info: [0mGET /post [32m200[0m 5433.314 ms - -[0m
2022-04-21 13:58:40 info: [0mOPTIONS /post/61da05089b0237427c89dfdf [32m204[0m 0.141 ms - 0[0m
2022-04-21 13:58:42 info: [0mPUT /post/61da05089b0237427c89dfdf [32m200[0m 1630.591 ms - -[0m
2022-04-21 13:58:46 info: [0mOPTIONS /post [32m204[0m 0.161 ms - 0[0m
2022-04-21 13:58:51 info: [0mGET /post [32m200[0m 4960.440 ms - -[0m
2022-04-21 13:59:28 info: [0mOPTIONS /post/61da056f9b0237427c89dfe1 [32m204[0m 0.148 ms - 0[0m
2022-04-21 13:59:30 info: [0mPUT /post/61da056f9b0237427c89dfe1 [32m200[0m 1781.395 ms - -[0m
2022-04-21 13:59:54 info: [0mOPTIONS /post/61da056f9b0237427c89dfe1 [32m204[0m 0.143 ms - 0[0m
2022-04-21 13:59:54 info: [0mPUT /post/61da056f9b0237427c89dfe1 [32m200[0m 737.916 ms - -[0m
2022-04-21 13:59:59 info: [0mOPTIONS /post [32m204[0m 0.140 ms - 0[0m
2022-04-21 14:00:03 info: [0mGET /post [32m200[0m 4216.328 ms - -[0m
2022-04-21 14:02:45 info: [0mOPTIONS /post/61dacb689b0237427c89dfe8 [32m204[0m 0.148 ms - 0[0m
2022-04-21 14:02:56 info: [0mPUT /post/61dacb689b0237427c89dfe8 [32m200[0m 11309.322 ms - -[0m
2022-04-21 14:03:33 info: [0mOPTIONS /post/61dacb689b0237427c89dfe8 [32m204[0m 0.153 ms - 0[0m
2022-04-21 14:03:35 info: [0mPUT /post/61dacb689b0237427c89dfe8 [32m200[0m 2109.350 ms - -[0m
2022-04-21 14:03:40 info: [0mOPTIONS /post [32m204[0m 0.137 ms - 0[0m
2022-04-21 14:03:41 info: [0mGET /post [32m200[0m 1072.482 ms - -[0m
2022-04-21 14:05:01 info: [0mOPTIONS /post/61daccf49b0237427c89dfea [32m204[0m 0.142 ms - 0[0m
2022-04-21 14:05:02 info: [0mPUT /post/61daccf49b0237427c89dfea [32m200[0m 1174.702 ms - -[0m
2022-04-21 14:05:08 info: [0mOPTIONS /post [32m204[0m 0.142 ms - 0[0m
2022-04-21 14:05:08 info: [0mGET /post [32m200[0m 322.881 ms - -[0m
2022-04-21 14:05:52 info: [0mOPTIONS /post [32m204[0m 0.128 ms - 0[0m
2022-04-21 14:05:52 info: [0mGET /post [36m304[0m 235.897 ms - -[0m
2022-04-21 14:06:16 info: [0mOPTIONS /stakeholder [32m204[0m 0.136 ms - 0[0m
2022-04-21 14:06:16 info: [0mGET /stakeholder [36m304[0m 256.990 ms - -[0m
2022-04-21 14:06:32 info: [0mOPTIONS /stakeholder [32m204[0m 0.156 ms - 0[0m
2022-04-21 14:06:33 info: [0mGET /stakeholder [36m304[0m 215.298 ms - -[0m
2022-04-21 14:06:36 info: [0mOPTIONS /post [32m204[0m 0.195 ms - 0[0m
2022-04-21 14:06:36 info: [0mGET /post [36m304[0m 298.936 ms - -[0m
2022-04-21 14:06:39 info: [0mOPTIONS /stakeholder [32m204[0m 0.138 ms - 0[0m
2022-04-21 14:06:39 info: [0mGET /stakeholder [36m304[0m 416.166 ms - -[0m
2022-04-21 14:08:01 info: [0mOPTIONS /stakeholder [32m204[0m 0.139 ms - 0[0m
2022-04-21 14:08:01 info: [0mOPTIONS / [32m204[0m 0.116 ms - 0[0m
2022-04-21 14:08:01 info: [0mGET / [36m304[0m 0.571 ms - -[0m
2022-04-21 14:08:01 info: [0mGET /stakeholder [36m304[0m 227.147 ms - -[0m
2022-04-21 14:08:08 info: [0mOPTIONS /post [32m204[0m 0.133 ms - 0[0m
2022-04-21 14:08:08 info: [0mGET /post [36m304[0m 232.039 ms - -[0m
2022-04-21 14:25:50 info: [0mOPTIONS /post [32m204[0m 0.461 ms - 0[0m
2022-04-21 14:25:51 info: [0mGET /post [36m304[0m 999.861 ms - -[0m
2022-04-21 14:28:44 info: [0mOPTIONS /post [32m204[0m 0.146 ms - 0[0m
2022-04-21 14:28:44 info: [0mGET /post [36m304[0m 232.547 ms - -[0m
2022-04-21 14:55:10 info: [0mOPTIONS /post [32m204[0m 0.793 ms - 0[0m
2022-04-21 14:55:10 info: [0mGET /post [36m304[0m 257.906 ms - -[0m
2022-04-21 14:56:55 info: [0mOPTIONS /post [32m204[0m 0.197 ms - 0[0m
2022-04-21 14:56:55 info: [0mGET /post [36m304[0m 234.419 ms - -[0m
2022-04-21 14:57:01 info: [0mOPTIONS /post [32m204[0m 0.148 ms - 0[0m
2022-04-21 14:57:02 info: [0mGET /post [36m304[0m 246.642 ms - -[0m
2022-04-21 14:57:34 info: [0mOPTIONS /post [32m204[0m 0.145 ms - 0[0m
2022-04-21 14:57:35 info: [0mGET /post [36m304[0m 288.695 ms - -[0m
2022-04-21 14:57:41 info: [0mOPTIONS /post [32m204[0m 0.159 ms - 0[0m
2022-04-21 14:57:41 info: [0mGET /post [36m304[0m 273.697 ms - -[0m
2022-04-21 15:00:40 info: [0mOPTIONS /post [32m204[0m 0.149 ms - 0[0m
2022-04-21 15:00:41 info: [0mGET /post [36m304[0m 274.284 ms - -[0m
2022-04-21 15:00:47 info: [0mOPTIONS /post [32m204[0m 0.148 ms - 0[0m
2022-04-21 15:00:47 info: [0mGET /post [36m304[0m 261.195 ms - -[0m
2022-04-21 15:01:49 info: [0mOPTIONS /post [32m204[0m 0.139 ms - 0[0m
2022-04-21 15:01:49 info: [0mGET /post [36m304[0m 230.946 ms - -[0m
2022-04-21 15:03:10 info: [0mOPTIONS /post [32m204[0m 0.136 ms - 0[0m
2022-04-21 15:03:10 info: [0mGET /post [36m304[0m 241.115 ms - -[0m
2022-04-21 15:03:20 info: [0mOPTIONS /post [32m204[0m 0.140 ms - 0[0m
2022-04-21 15:03:21 info: [0mGET /post [36m304[0m 305.667 ms - -[0m
2022-04-21 15:03:43 info: [0mOPTIONS /stakeholder [32m204[0m 0.149 ms - 0[0m
2022-04-21 15:03:43 info: [0mOPTIONS / [32m204[0m 0.101 ms - 0[0m
2022-04-21 15:03:43 info: [0mGET / [36m304[0m 1.038 ms - -[0m
2022-04-21 15:03:43 info: [0mGET /stakeholder [36m304[0m 279.929 ms - -[0m
2022-04-21 15:04:16 info: [0mOPTIONS /post [32m204[0m 0.153 ms - 0[0m
2022-04-21 15:04:17 info: [0mGET /post [36m304[0m 354.597 ms - -[0m
