2022-04-07 09:12:48 info: =================================
2022-04-07 09:12:48 info: ======= ENV: development =======
2022-04-07 09:12:48 info: 🚀 App listening on the port 5000
2022-04-07 09:12:48 info: =================================
2022-04-07 09:15:14 info: [0mOPTIONS / [32m204[0m 1.487 ms - 0[0m
2022-04-07 09:15:14 info: [0mGET / [32m200[0m 3.359 ms - 2[0m
2022-04-07 09:16:18 info: [0mOPTIONS /login [32m204[0m 0.166 ms - 0[0m
2022-04-07 09:16:18 error: [POST] /login >> StatusCode:: 409, Message:: Your email admin@admin.com is not found
2022-04-07 09:16:18 info: [0mPOST /login [33m409[0m 113.610 ms - 53[0m
2022-04-07 09:16:31 info: [0mOPTIONS /login [32m204[0m 0.206 ms - 0[0m
2022-04-07 09:16:31 error: [POST] /login >> StatusCode:: 409, Message:: Your email admin@admin.com is not found
2022-04-07 09:16:31 info: [0mPOST /login [33m409[0m 7.180 ms - 53[0m
2022-04-07 09:18:09 info: [0mGET /users [32m200[0m 3.383 ms - 31[0m
2022-04-07 09:19:38 info: [0mPOST /users [32m201[0m 93.372 ms - 171[0m
2022-04-07 09:19:50 info: [0mOPTIONS /login [32m204[0m 0.187 ms - 0[0m
2022-04-07 09:19:50 info: [0mPOST /login [32m200[0m 85.758 ms - 169[0m
2022-04-07 09:19:50 info: [0mOPTIONS /contacts [32m204[0m 0.211 ms - 0[0m
2022-04-07 09:19:50 info: [0mGET /contacts [32m200[0m 25.970 ms - 15[0m
2022-04-07 09:19:59 info: [0mOPTIONS /post [32m204[0m 0.175 ms - 0[0m
2022-04-07 09:19:59 info: [0mGET /post [32m200[0m 3.874 ms - 12[0m
2022-04-07 09:21:00 info: =================================
2022-04-07 09:21:00 info: ======= ENV: development =======
2022-04-07 09:21:00 info: 🚀 App listening on the port 5000
2022-04-07 09:21:00 info: =================================
2022-04-07 09:21:04 info: =================================
2022-04-07 09:21:04 info: ======= ENV: development =======
2022-04-07 09:21:04 info: 🚀 App listening on the port 5000
2022-04-07 09:21:04 info: =================================
2022-04-07 09:21:13 info: =================================
2022-04-07 09:21:13 info: ======= ENV: development =======
2022-04-07 09:21:13 info: 🚀 App listening on the port 5000
2022-04-07 09:21:13 info: =================================
2022-04-07 09:22:06 info: =================================
2022-04-07 09:22:06 info: ======= ENV: development =======
2022-04-07 09:22:06 info: 🚀 App listening on the port 5000
2022-04-07 09:22:06 info: =================================
2022-04-07 09:22:18 info: =================================
2022-04-07 09:22:18 info: ======= ENV: development =======
2022-04-07 09:22:18 info: 🚀 App listening on the port 5000
2022-04-07 09:22:18 info: =================================
2022-04-07 09:22:39 info: [0mOPTIONS /login [32m204[0m 2.082 ms - 0[0m
2022-04-07 09:22:39 info: [0mPOST /login [32m200[0m 390.080 ms - 169[0m
2022-04-07 09:22:42 info: [0mOPTIONS /contacts [32m204[0m 0.187 ms - 0[0m
2022-04-07 09:22:42 info: [0mGET /contacts [32m200[0m 235.670 ms - -[0m
2022-04-07 09:23:02 info: [0mGET /contacts [32m200[0m 250.623 ms - 2326[0m
2022-04-07 09:23:02 info: [0mGET /contacts/620e71a1ea462f0047c64cc2 [32m200[0m 221.512 ms - 326[0m
2022-04-07 09:23:15 info: [0mOPTIONS /contacts [32m204[0m 0.143 ms - 0[0m
2022-04-07 09:23:15 info: [0mGET /contacts [36m304[0m 266.882 ms - -[0m
2022-04-07 09:23:18 info: [0mOPTIONS /post [32m204[0m 0.268 ms - 0[0m
2022-04-07 09:23:31 info: [0mGET /post [32m200[0m 12871.122 ms - -[0m
2022-04-07 09:23:50 info: [0mOPTIONS /post [32m204[0m 0.182 ms - 0[0m
2022-04-07 09:23:55 info: [0mGET /post [0m-[0m - ms - -[0m
2022-04-07 09:24:03 info: [0mOPTIONS /contacts [32m204[0m 0.207 ms - 0[0m
2022-04-07 09:24:03 info: [0mGET /contacts [36m304[0m 489.154 ms - -[0m
2022-04-07 12:39:36 info: =================================
2022-04-07 12:39:36 info: ======= ENV: development =======
2022-04-07 12:39:36 info: 🚀 App listening on the port 5000
2022-04-07 12:39:36 info: =================================
2022-04-07 12:56:29 info: =================================
2022-04-07 12:56:29 info: ======= ENV: development =======
2022-04-07 12:56:29 info: 🚀 App listening on the port 5000
2022-04-07 12:56:29 info: =================================
2022-04-07 12:56:42 info: [0mOPTIONS / [32m204[0m 1.486 ms - 0[0m
2022-04-07 12:56:42 info: [0mGET / [36m304[0m 3.007 ms - -[0m
2022-04-07 12:57:06 info: [0mOPTIONS / [32m204[0m 0.168 ms - 0[0m
2022-04-07 12:57:06 info: [0mGET / [36m304[0m 0.577 ms - -[0m
