2022-01-08 06:41:43 info: =================================
2022-01-08 06:41:43 info: ======= ENV: development =======
2022-01-08 06:41:43 info: 🚀 App listening on the port 5000
2022-01-08 06:41:43 info: =================================
2022-01-08 08:58:36 info: =================================
2022-01-08 08:58:36 info: ======= ENV: development =======
2022-01-08 08:58:36 info: 🚀 App listening on the port 5000
2022-01-08 08:58:36 info: =================================
2022-01-08 10:27:54 info: [0mGET /post [32m200[0m 327.196 ms - 3492246[0m
2022-01-08 10:28:00 info: [0mGET /post [32m200[0m 85.961 ms - 3492246[0m
2022-01-08 10:28:05 info: [0mGET /post [32m200[0m 24.659 ms - 3492246[0m
2022-01-08 10:28:10 info: [0mGET /post [32m200[0m 26.657 ms - 3492246[0m
2022-01-08 10:28:15 info: [0mGET /post [32m200[0m 45.415 ms - 3492246[0m
2022-01-08 10:28:59 info: [0mGET /post [32m200[0m 114.547 ms - -[0m
2022-01-08 10:29:07 info: [0mGET /post [32m200[0m 43.810 ms - 3492246[0m
2022-01-08 10:31:00 info: [0mGET /post [32m200[0m 52.055 ms - 3492246[0m
2022-01-08 10:33:03 info: [0mGET /post [32m200[0m 66.203 ms - 3492246[0m
2022-01-08 10:33:12 info: [0mGET /post [32m200[0m 56.075 ms - 3492246[0m
2022-01-08 10:34:39 info: [0mGET /post [32m200[0m 133.738 ms - 3492246[0m
2022-01-08 10:35:54 info: [0mGET /post [32m200[0m 81.349 ms - 3492246[0m
2022-01-08 10:37:22 info: [0mGET /post [32m200[0m 50.277 ms - 3492246[0m
2022-01-08 10:38:56 info: [0mGET /post [32m200[0m 46.878 ms - 3492246[0m
2022-01-08 10:39:26 info: [0mGET /post [32m200[0m 44.920 ms - 3492246[0m
2022-01-08 10:39:30 info: [0mGET /post [32m200[0m 114.548 ms - 3492246[0m
2022-01-08 10:39:47 info: [0mGET /post [32m200[0m 107.923 ms - 3492246[0m
2022-01-08 10:39:59 info: [0mGET /post [32m200[0m 85.414 ms - 3492246[0m
2022-01-08 10:54:23 info: [0mGET /post [32m200[0m 68.815 ms - 3492246[0m
2022-01-08 10:54:32 info: [0mGET /post [32m200[0m 313.573 ms - 3492246[0m
2022-01-08 11:03:37 info: [0mGET /post [32m200[0m 35.715 ms - 3492246[0m
2022-01-08 11:04:35 info: [0mGET /users [32m200[0m 146.523 ms - 173[0m
2022-01-08 11:07:17 info: [0mGET /post [32m200[0m 35.597 ms - 3492246[0m
2022-01-08 11:07:54 info: [0mOPTIONS /login [32m204[0m 1.162 ms - 0[0m
2022-01-08 11:07:54 info: [0mPOST /login [32m200[0m 612.893 ms - 169[0m
2022-01-08 11:07:58 info: [0mOPTIONS /contacts [32m204[0m 0.184 ms - 0[0m
2022-01-08 11:07:58 info: [0mGET /contacts [32m200[0m 4.112 ms - 15[0m
2022-01-08 11:10:03 info: [0mOPTIONS /contacts [32m204[0m 0.218 ms - 0[0m
2022-01-08 11:10:03 info: [0mGET /contacts [36m304[0m 3.111 ms - -[0m
2022-01-08 11:10:16 info: [0mOPTIONS /contacts [32m204[0m 0.189 ms - 0[0m
2022-01-08 11:10:16 info: [0mGET /contacts [36m304[0m 2.974 ms - -[0m
2022-01-08 11:21:09 info: [0mGET /post [32m200[0m 44.292 ms - 3492246[0m
2022-01-08 11:21:48 info: [0mGET /post [32m200[0m 46.561 ms - 3492246[0m
2022-01-08 11:24:01 info: [0mOPTIONS /contacts [32m204[0m 0.300 ms - 0[0m
2022-01-08 11:24:01 info: [0mGET /contacts [36m304[0m 4.614 ms - -[0m
2022-01-08 11:25:23 info: [0mOPTIONS /contacts [32m204[0m 0.236 ms - 0[0m
2022-01-08 11:25:23 info: [0mGET /contacts [36m304[0m 3.074 ms - -[0m
2022-01-08 11:28:19 info: [0mOPTIONS /contacts [32m204[0m 0.147 ms - 0[0m
2022-01-08 11:28:19 info: [0mGET /contacts [36m304[0m 3.996 ms - -[0m
2022-01-08 11:28:34 info: [0mOPTIONS /contacts [32m204[0m 0.140 ms - 0[0m
2022-01-08 11:28:34 info: [0mGET /contacts [36m304[0m 2.732 ms - -[0m
2022-01-08 11:28:50 info: [0mOPTIONS /contacts [32m204[0m 0.236 ms - 0[0m
2022-01-08 11:28:50 info: [0mGET /contacts [36m304[0m 2.710 ms - -[0m
2022-01-08 11:28:56 info: [0mOPTIONS /contacts [32m204[0m 0.179 ms - 0[0m
2022-01-08 11:28:56 info: [0mGET /contacts [36m304[0m 3.443 ms - -[0m
2022-01-08 11:28:59 info: [0mGET /post [32m200[0m 42.996 ms - 3492246[0m
2022-01-08 11:29:43 info: [0mOPTIONS /contacts [32m204[0m 0.233 ms - 0[0m
2022-01-08 11:29:43 info: [0mGET /contacts [36m304[0m 3.345 ms - -[0m
2022-01-08 11:50:12 info: [0mOPTIONS /contacts [32m204[0m 0.532 ms - 0[0m
2022-01-08 11:50:12 info: [0mGET /contacts [36m304[0m 10.154 ms - -[0m
2022-01-08 11:50:27 info: [0mGET /post [32m200[0m 45.790 ms - 3492246[0m
2022-01-08 11:50:41 info: [0mGET /post [32m200[0m 39.892 ms - 3492246[0m
2022-01-08 11:51:00 info: [0mGET /post [32m200[0m 49.786 ms - 3492246[0m
2022-01-08 11:51:01 info: [0mGET /post/61d36dbe0dbb59050c717c21 [32m200[0m 182.413 ms - 3041847[0m
2022-01-08 11:53:52 info: [0mGET /post [32m200[0m 31.713 ms - 3492246[0m
2022-01-08 11:53:52 info: [0mGET /post/61d36dbe0dbb59050c717c21 [32m200[0m 42.352 ms - 3041847[0m
2022-01-08 11:56:24 info: [0mGET /post [32m200[0m 41.467 ms - 3492246[0m
2022-01-08 12:16:03 info: [0mGET /post [32m200[0m 39.461 ms - 3492246[0m
2022-01-08 12:16:06 info: [0mGET /post [32m200[0m 44.096 ms - 3492246[0m
2022-01-08 12:22:59 info: [0mGET /post [32m200[0m 83.696 ms - 3492246[0m
2022-01-08 12:42:28 info: [0mGET /post [32m200[0m 49.829 ms - 3492246[0m
2022-01-08 12:44:12 info: [0mGET /post [32m200[0m 56.011 ms - 3492246[0m
2022-01-08 12:52:34 info: [0mGET /post [32m200[0m 47.218 ms - 3492246[0m
2022-01-08 12:53:36 info: [0mGET /post [32m200[0m 62.563 ms - -[0m
2022-01-08 12:54:31 info: [0mGET /post [32m200[0m 142.417 ms - 3492246[0m
2022-01-08 12:55:18 info: [0mGET /post [32m200[0m 32.132 ms - 3492246[0m
2022-01-08 12:55:53 info: [0mGET /post [32m200[0m 43.843 ms - 3492246[0m
2022-01-08 12:56:25 info: [0mGET /post [32m200[0m 119.983 ms - 3492246[0m
2022-01-08 12:56:34 info: [0mGET /post [32m200[0m 136.681 ms - 3492246[0m
2022-01-08 13:34:17 info: [0mGET /post [32m200[0m 68.333 ms - 3492246[0m
2022-01-08 13:42:03 info: [0mGET /post [32m200[0m 39.710 ms - 3492246[0m
2022-01-08 13:42:09 info: [0mOPTIONS /post/61d36dbe0dbb59050c717c21%7D [32m204[0m 0.413 ms - 0[0m
2022-01-08 13:42:09 error: [DELETE] /post/61d36dbe0dbb59050c717c21%7D >> StatusCode:: 500, Message:: Cast to ObjectId failed for value "61d36dbe0dbb59050c717c21}" (type string) at path "_id" for model "Post"
2022-01-08 13:42:09 info: [0mDELETE /post/61d36dbe0dbb59050c717c21%7D [31m500[0m 4.580 ms - 126[0m
2022-01-08 13:43:09 info: [0mOPTIONS /post/61d36dbe0dbb59050c717c21 [32m204[0m 0.710 ms - 0[0m
2022-01-08 13:43:09 info: [0mDELETE /post/61d36dbe0dbb59050c717c21 [32m200[0m 205.181 ms - -[0m
2022-01-08 13:43:15 info: [0mGET /post [32m200[0m 26.089 ms - 450427[0m
2022-01-08 13:44:31 info: [0mOPTIONS /post [32m204[0m 0.136 ms - 0[0m
2022-01-08 13:44:31 info: [0mPOST /post [32m201[0m 68.054 ms - -[0m
2022-01-08 13:45:02 info: [0mGET /post [32m200[0m 30.112 ms - 574538[0m
2022-01-08 13:45:28 info: [0mGET /post [32m200[0m 28.598 ms - 574538[0m
2022-01-08 13:48:36 info: [0mGET /post [32m200[0m 7.616 ms - 574538[0m
2022-01-08 13:48:43 info: [0mOPTIONS /post/61d9872fc1847728f8f7cc7b [32m204[0m 0.828 ms - 0[0m
2022-01-08 13:48:43 info: [0mDELETE /post/61d9872fc1847728f8f7cc7b [32m200[0m 19.225 ms - -[0m
2022-01-08 13:50:10 info: [0mOPTIONS /post [32m204[0m 0.133 ms - 0[0m
2022-01-08 13:50:10 info: [0mPOST /post [32m201[0m 33.221 ms - -[0m
2022-01-08 13:55:23 info: [0mOPTIONS /contacts [32m204[0m 0.249 ms - 0[0m
2022-01-08 13:55:23 info: [0mGET /contacts [36m304[0m 4.961 ms - -[0m
2022-01-08 13:55:26 info: [0mGET /post [32m200[0m 8.823 ms - 574538[0m
2022-01-08 14:01:15 info: =================================
2022-01-08 14:01:15 info: ======= ENV: development =======
2022-01-08 14:01:15 info: 🚀 App listening on the port 5000
2022-01-08 14:01:15 info: =================================
2022-01-08 14:16:47 info: [0mGET /post [32m200[0m 42.478 ms - 574538[0m
2022-01-08 14:20:47 info: [0mGET /post [32m200[0m 14.919 ms - 574538[0m
2022-01-08 14:20:48 info: [0mGET /post [32m200[0m 11.029 ms - 574538[0m
2022-01-08 14:21:15 info: [0mGET /post [32m200[0m 9.760 ms - 574538[0m
2022-01-08 14:21:28 info: [0mGET /post [32m200[0m 40.394 ms - 574538[0m
2022-01-08 14:22:34 info: [0mOPTIONS /contacts [32m204[0m 0.457 ms - 0[0m
2022-01-08 14:22:34 info: [0mGET /contacts [36m304[0m 5.287 ms - -[0m
2022-01-08 14:22:39 info: [0mGET /post [32m200[0m 10.525 ms - 574538[0m
2022-01-08 14:25:36 info: [0mGET /post [32m200[0m 11.038 ms - 574538[0m
2022-01-08 14:25:47 info: [0mGET /post [32m200[0m 33.758 ms - 574538[0m
2022-01-08 14:26:16 info: [0mGET /post [32m200[0m 32.755 ms - 574538[0m
2022-01-08 14:33:07 info: =================================
2022-01-08 14:33:07 info: ======= ENV: development =======
2022-01-08 14:33:07 info: 🚀 App listening on the port 5000
2022-01-08 14:33:07 info: =================================
2022-01-08 14:34:22 info: =================================
2022-01-08 14:34:22 info: ======= ENV: development =======
2022-01-08 14:34:22 info: 🚀 App listening on the port 5000
2022-01-08 14:34:22 info: =================================
2022-01-08 14:54:26 info: [0mGET /post [32m200[0m 46.205 ms - 574538[0m
2022-01-08 14:55:13 info: [0mGET /post [32m200[0m 13.941 ms - 574538[0m
2022-01-08 14:56:16 info: [0mGET /post [32m200[0m 11.757 ms - 574538[0m
2022-01-08 15:15:54 info: [0mGET /post [32m200[0m 22.624 ms - 574538[0m
2022-01-08 15:17:18 info: [0mGET /post [32m200[0m 22.100 ms - 574538[0m
2022-01-08 15:22:26 info: =================================
2022-01-08 15:22:26 info: ======= ENV: development =======
2022-01-08 15:22:26 info: 🚀 App listening on the port 5000
2022-01-08 15:22:26 info: =================================
2022-01-08 15:22:53 info: =================================
2022-01-08 15:22:53 info: ======= ENV: development =======
2022-01-08 15:22:53 info: 🚀 App listening on the port 5000
2022-01-08 15:22:53 info: =================================
2022-01-08 15:24:54 info: =================================
2022-01-08 15:24:54 info: ======= ENV: development =======
2022-01-08 15:24:54 info: 🚀 App listening on the port 5000
2022-01-08 15:24:54 info: =================================
2022-01-08 15:26:29 info: =================================
2022-01-08 15:26:29 info: ======= ENV: development =======
2022-01-08 15:26:29 info: 🚀 App listening on the port 5000
2022-01-08 15:26:29 info: =================================
2022-01-08 15:26:56 info: =================================
2022-01-08 15:26:56 info: ======= ENV: development =======
2022-01-08 15:26:56 info: 🚀 App listening on the port 5000
2022-01-08 15:26:56 info: =================================
2022-01-08 15:28:05 info: =================================
2022-01-08 15:28:05 info: ======= ENV: development =======
2022-01-08 15:28:05 info: 🚀 App listening on the port 5000
2022-01-08 15:28:05 info: =================================
2022-01-08 15:29:37 info: [0mGET /post [32m200[0m 25.829 ms - 12[0m
2022-01-08 15:30:23 info: [0mGET /post [32m200[0m 5.553 ms - 12[0m
2022-01-08 15:33:30 info: [0mOPTIONS /post [32m204[0m 0.343 ms - 0[0m
2022-01-08 15:33:30 info: [0mPOST /post [32m201[0m 179.575 ms - -[0m
2022-01-08 15:33:39 info: [0mGET /post [32m200[0m 25.473 ms - 1040614[0m
2022-01-08 15:33:44 info: [0mGET /post [32m200[0m 52.429 ms - 1040614[0m
2022-01-08 15:35:36 info: [0mGET /post [32m200[0m 13.184 ms - 1040614[0m
2022-01-08 15:48:46 info: [0mGET /post [32m200[0m 23.708 ms - 1040614[0m
2022-01-08 15:48:46 info: [0mGET /post/61d9a0ba20cfdc0208eb42fa [32m200[0m 20.064 ms - 1040631[0m
2022-01-08 16:56:00 info: [0mGET /post [32m200[0m 20.624 ms - 1040614[0m
2022-01-08 17:07:51 info: [0mOPTIONS /post/61d9a0ba20cfdc0208eb42fa [32m204[0m 0.605 ms - 0[0m
2022-01-08 17:07:52 info: [0mPUT /post/61d9a0ba20cfdc0208eb42fa [32m200[0m 316.841 ms - -[0m
2022-01-08 17:08:41 info: [0mOPTIONS /post/61d9a0ba20cfdc0208eb42fa [32m204[0m 0.372 ms - 0[0m
2022-01-08 17:08:42 info: [0mPUT /post/61d9a0ba20cfdc0208eb42fa [32m200[0m 142.100 ms - -[0m
2022-01-08 17:08:57 info: [0mOPTIONS /post/61d9a0ba20cfdc0208eb42fa [32m204[0m 0.584 ms - 0[0m
2022-01-08 17:08:57 info: [0mPUT /post/61d9a0ba20cfdc0208eb42fa [32m200[0m 197.784 ms - -[0m
2022-01-08 17:09:17 info: [0mGET /post [32m200[0m 26.046 ms - 1040612[0m
2022-01-08 17:09:31 info: [0mOPTIONS /post/61d9a0ba20cfdc0208eb42fa [32m204[0m 0.923 ms - 0[0m
2022-01-08 17:09:31 info: [0mPUT /post/61d9a0ba20cfdc0208eb42fa [32m200[0m 159.565 ms - -[0m
2022-01-08 17:09:39 info: [0mGET /post [32m200[0m 66.622 ms - 1040614[0m
2022-01-08 17:10:29 info: [0mOPTIONS /post/61d9a0ba20cfdc0208eb42fa [32m204[0m 0.872 ms - 0[0m
2022-01-08 17:10:29 info: [0mPUT /post/61d9a0ba20cfdc0208eb42fa [32m200[0m 217.492 ms - -[0m
2022-01-08 17:10:43 info: [0mGET /post [32m200[0m 28.464 ms - 1040614[0m
2022-01-08 17:12:28 info: [0mGET /post [32m200[0m 51.533 ms - 1040614[0m
2022-01-08 17:12:45 info: [0mOPTIONS /contacts [32m204[0m 0.340 ms - 0[0m
2022-01-08 17:12:45 info: [0mGET /contacts [36m304[0m 10.864 ms - -[0m
2022-01-08 17:12:52 info: [0mGET /post [32m200[0m 18.962 ms - 1040614[0m
2022-01-08 17:13:43 info: [0mGET /post [32m200[0m 25.777 ms - 1040614[0m
2022-01-08 17:16:30 info: [0mGET /post [32m200[0m 38.497 ms - 1040614[0m
2022-01-08 17:20:39 info: [0mGET /post [32m200[0m 24.398 ms - 1040614[0m
2022-01-08 17:21:11 info: [0mOPTIONS /contacts [32m204[0m 0.574 ms - 0[0m
2022-01-08 17:21:11 info: [0mGET /contacts [36m304[0m 11.318 ms - -[0m
2022-01-08 17:23:25 info: [0mOPTIONS /contacts [32m204[0m 0.334 ms - 0[0m
2022-01-08 17:23:25 info: [0mGET /contacts [36m304[0m 4.873 ms - -[0m
2022-01-08 17:23:54 info: [0mGET /post [32m200[0m 33.528 ms - 1040614[0m
2022-01-08 17:46:40 info: [0mGET /post [32m200[0m 129.998 ms - 1040614[0m
2022-01-08 17:46:41 info: [0mOPTIONS / [32m204[0m 0.345 ms - 0[0m
2022-01-08 17:46:41 info: [0mGET / [36m304[0m 1.855 ms - -[0m
2022-01-08 17:47:30 info: [0mOPTIONS /contacts [32m204[0m 0.351 ms - 0[0m
2022-01-08 17:47:31 info: [0mPOST /contacts [32m201[0m 794.086 ms - 979[0m
2022-01-08 17:48:41 info: [0mOPTIONS / [32m204[0m 0.267 ms - 0[0m
2022-01-08 17:48:41 info: [0mGET / [36m304[0m 1.054 ms - -[0m
2022-01-08 17:52:31 info: [0mOPTIONS /contacts [32m204[0m 0.719 ms - 0[0m
2022-01-08 17:52:31 info: [0mPOST /contacts [32m201[0m 20.071 ms - 981[0m
2022-01-08 17:54:07 info: [0mOPTIONS / [32m204[0m 0.563 ms - 0[0m
2022-01-08 17:54:07 info: [0mGET / [36m304[0m 1.058 ms - -[0m
2022-01-08 17:54:44 info: [0mOPTIONS /contacts [32m204[0m 0.764 ms - 0[0m
2022-01-08 17:54:44 info: [0mPOST /contacts [32m201[0m 28.048 ms - 987[0m
2022-01-08 17:54:46 info: [0mOPTIONS / [32m204[0m 0.532 ms - 0[0m
2022-01-08 17:54:46 info: [0mGET / [36m304[0m 1.213 ms - -[0m
2022-01-08 17:55:38 info: [0mOPTIONS /contacts [32m204[0m 0.249 ms - 0[0m
2022-01-08 17:55:38 info: [0mGET /contacts [32m200[0m 9.865 ms - -[0m
2022-01-08 17:55:43 info: [0mOPTIONS /contacts [32m204[0m 0.298 ms - 0[0m
2022-01-08 17:55:43 info: [0mGET /contacts [36m304[0m 7.458 ms - -[0m
2022-01-08 17:58:00 info: [0mOPTIONS /contacts [32m204[0m 0.357 ms - 0[0m
2022-01-08 17:58:00 info: [0mGET /contacts [36m304[0m 10.011 ms - -[0m
2022-01-08 17:58:47 info: [0mOPTIONS /contacts [32m204[0m 0.239 ms - 0[0m
2022-01-08 17:58:47 info: [0mGET /contacts [36m304[0m 6.206 ms - -[0m
2022-01-08 17:59:10 info: [0mOPTIONS /contacts [32m204[0m 0.573 ms - 0[0m
2022-01-08 17:59:10 info: [0mGET /contacts [36m304[0m 13.999 ms - -[0m
2022-01-08 17:59:44 info: [0mOPTIONS /contacts [32m204[0m 0.409 ms - 0[0m
2022-01-08 17:59:44 info: [0mGET /contacts [36m304[0m 10.115 ms - -[0m
2022-01-08 17:59:55 info: [0mOPTIONS /contacts [32m204[0m 0.304 ms - 0[0m
2022-01-08 17:59:55 info: [0mGET /contacts [36m304[0m 4.904 ms - -[0m
2022-01-08 18:04:21 info: [0mOPTIONS /contacts [32m204[0m 0.258 ms - 0[0m
2022-01-08 18:04:21 info: [0mGET /contacts [36m304[0m 7.476 ms - -[0m
2022-01-08 18:04:57 info: [0mOPTIONS /contacts [32m204[0m 0.455 ms - 0[0m
2022-01-08 18:04:57 info: [0mGET /contacts [36m304[0m 8.753 ms - -[0m
2022-01-08 18:16:24 info: [0mOPTIONS /contacts [32m204[0m 0.468 ms - 0[0m
2022-01-08 18:16:24 info: [0mGET /contacts [36m304[0m 7.443 ms - -[0m
2022-01-08 18:19:01 info: [0mOPTIONS /contacts [32m204[0m 0.504 ms - 0[0m
2022-01-08 18:19:01 info: [0mGET /contacts [36m304[0m 8.283 ms - -[0m
2022-01-08 20:54:02 info: [0mOPTIONS /contacts [32m204[0m 0.679 ms - 0[0m
2022-01-08 20:54:02 info: [0mGET /contacts [36m304[0m 27.520 ms - -[0m
2022-01-08 20:54:12 info: [0mOPTIONS /contacts [32m204[0m 0.440 ms - 0[0m
2022-01-08 20:54:12 info: [0mGET /contacts [36m304[0m 10.823 ms - -[0m
2022-01-08 20:54:43 info: [0mGET /user [33m404[0m 13.763 ms - 143[0m
2022-01-08 20:54:56 info: [0mGET /user [33m404[0m 2.288 ms - 143[0m
2022-01-08 20:55:53 info: [0mGET /contacts [32m200[0m 9.389 ms - -[0m
2022-01-08 20:56:42 info: [0mGET /contacts [32m200[0m 7.549 ms - 2808[0m
2022-01-08 20:56:42 info: [0mGET /contacts/61d9c1d420cfdc0208eb4318 [32m200[0m 25.556 ms - 964[0m
2022-01-08 20:56:44 info: [0mOPTIONS /contacts [32m204[0m 0.211 ms - 0[0m
2022-01-08 20:56:55 info: [0mGET /contacts [32m200[0m 4.948 ms - 2808[0m
2022-01-08 20:56:55 info: [0mGET /contacts/61d9c1d420cfdc0208eb4318 [32m200[0m 3.923 ms - 964[0m
2022-01-08 20:57:09 info: [0mOPTIONS /contacts [32m204[0m 0.236 ms - 0[0m
2022-01-08 20:57:09 info: [0mGET /contacts [36m304[0m 7.481 ms - -[0m
2022-01-08 20:57:18 info: [0mGET /contacts [32m200[0m 4.772 ms - 2808[0m
2022-01-08 20:57:18 info: [0mGET /contacts/61d9c02220cfdc0208eb4314 [32m200[0m 4.500 ms - 956[0m
2022-01-08 21:01:00 info: [0mOPTIONS /contacts [32m204[0m 0.394 ms - 0[0m
2022-01-08 21:01:00 info: [0mGET /contacts [36m304[0m 8.556 ms - -[0m
2022-01-08 21:01:19 info: [0mGET /contacts [32m200[0m 6.076 ms - 2808[0m
2022-01-08 21:01:19 info: [0mGET /contacts/61d9c02220cfdc0208eb4314 [32m200[0m 6.020 ms - 956[0m
2022-01-08 21:01:57 info: [0mOPTIONS / [32m204[0m 0.259 ms - 0[0m
2022-01-08 21:01:57 info: [0mGET / [36m304[0m 0.894 ms - -[0m
2022-01-08 21:07:56 info: [0mOPTIONS / [32m204[0m 0.533 ms - 0[0m
2022-01-08 21:07:56 info: [0mGET / [36m304[0m 1.701 ms - -[0m
2022-01-08 21:09:02 info: [0mOPTIONS / [32m204[0m 0.307 ms - 0[0m
2022-01-08 21:09:02 info: [0mGET / [36m304[0m 0.843 ms - -[0m
2022-01-08 21:10:43 info: [0mOPTIONS / [32m204[0m 0.418 ms - 0[0m
2022-01-08 21:10:43 info: [0mGET / [36m304[0m 1.079 ms - -[0m
2022-01-08 21:12:28 info: [0mGET /post [32m200[0m 321.674 ms - 1040614[0m
2022-01-08 21:14:06 info: [0mGET /contacts [32m200[0m 34.201 ms - 2808[0m
2022-01-08 21:14:06 info: [0mGET /contacts/61d9c02220cfdc0208eb4314 [32m200[0m 4.703 ms - 956[0m
2022-01-08 21:18:43 info: [0mGET /contacts [32m200[0m 7.390 ms - 2808[0m
2022-01-08 21:18:43 info: [0mGET /contacts/61d9c02220cfdc0208eb4314 [32m200[0m 96.838 ms - 956[0m
2022-01-08 21:18:52 info: [0mOPTIONS /contacts [32m204[0m 0.143 ms - 0[0m
2022-01-08 21:18:52 info: [0mGET /contacts [36m304[0m 3.286 ms - -[0m
2022-01-08 21:18:59 info: [0mGET /contacts [32m200[0m 3.702 ms - 2808[0m
2022-01-08 21:18:59 info: [0mGET /contacts/61d9c14f20cfdc0208eb4316 [32m200[0m 3.659 ms - 958[0m
2022-01-08 21:19:08 info: [0mOPTIONS /contacts [32m204[0m 0.201 ms - 0[0m
2022-01-08 21:19:08 info: [0mGET /contacts [36m304[0m 213.446 ms - -[0m
2022-01-08 21:19:14 info: [0mOPTIONS /contacts [32m204[0m 0.165 ms - 0[0m
2022-01-08 21:19:14 info: [0mGET /contacts [36m304[0m 3.416 ms - -[0m
2022-01-08 21:26:53 info: [0mOPTIONS /post [32m204[0m 0.139 ms - 0[0m
2022-01-08 21:26:54 error: [POST] /post >> StatusCode:: 500, Message:: The value of "offset" is out of range. It must be >= 0 && <= 17825792. Received 17825795
2022-01-08 21:26:54 info: [0mPOST /post [31m500[0m 469.734 ms - 104[0m
2022-01-08 21:27:55 info: [0mOPTIONS /post [32m204[0m 0.148 ms - 0[0m
2022-01-08 21:27:55 error: [POST] /post >> StatusCode:: 500, Message:: The value of "offset" is out of range. It must be >= 0 && <= 17825792. Received 17825795
2022-01-08 21:27:55 info: [0mPOST /post [31m500[0m 269.527 ms - 104[0m
2022-01-08 21:32:02 info: [0mOPTIONS /post [32m204[0m 0.283 ms - 0[0m
2022-01-08 21:32:02 info: [0mPOST /post [32m201[0m 103.647 ms - -[0m
2022-01-08 21:32:13 info: [0mGET /post [32m200[0m 37.004 ms - 1748537[0m
2022-01-08 21:33:43 info: [0mGET /post [32m200[0m 23.395 ms - 1748537[0m
2022-01-08 21:33:58 info: [0mGET /post [32m200[0m 38.121 ms - 1748537[0m
2022-01-08 21:35:37 info: [0mOPTIONS /contacts [32m204[0m 0.170 ms - 0[0m
2022-01-08 21:35:37 info: [0mGET /contacts [36m304[0m 5.282 ms - -[0m
2022-01-08 21:35:45 info: [0mGET /post [32m200[0m 34.919 ms - 1748537[0m
2022-01-08 21:56:59 info: =================================
2022-01-08 21:56:59 info: ======= ENV: development =======
2022-01-08 21:56:59 info: 🚀 App listening on the port 5000
2022-01-08 21:56:59 info: =================================
2022-01-08 22:01:08 info: =================================
2022-01-08 22:01:08 info: ======= ENV: development =======
2022-01-08 22:01:08 info: 🚀 App listening on the port 5000
2022-01-08 22:01:08 info: =================================
