2022-01-02 11:11:53 info: =================================
2022-01-02 11:11:53 info: ======= ENV: development =======
2022-01-02 11:11:53 info: 🚀 App listening on the port 5000
2022-01-02 11:11:53 info: =================================
2022-01-02 11:13:20 info: =================================
2022-01-02 11:13:20 info: ======= ENV: development =======
2022-01-02 11:13:20 info: 🚀 App listening on the port 5000
2022-01-02 11:13:20 info: =================================
2022-01-02 11:41:49 info: [0mGET /post [32m200[0m 213.771 ms - -[0m
2022-01-02 11:59:16 info: [0mGET /post [32m200[0m 9.511 ms - 450427[0m
2022-01-02 12:11:40 info: [0mGET /post [32m200[0m 9.435 ms - 450427[0m
2022-01-02 12:26:42 info: [0mGET /post [32m200[0m 8.427 ms - 450427[0m
2022-01-02 12:26:48 info: [0mGET /post [32m200[0m 8.603 ms - 450427[0m
2022-01-02 12:26:49 info: [0mGET /post [32m200[0m 7.173 ms - 450427[0m
2022-01-02 12:26:55 info: [0mGET /post [32m200[0m 6.711 ms - 450427[0m
2022-01-02 12:27:00 info: [0mGET /post [32m200[0m 7.285 ms - 450427[0m
2022-01-02 12:27:05 info: [0mGET /post [32m200[0m 7.378 ms - 450427[0m
2022-01-02 12:27:10 info: [0mGET /post [32m200[0m 13.906 ms - 450427[0m
2022-01-02 12:27:15 info: [0mGET /post [32m200[0m 7.649 ms - 450427[0m
2022-01-02 12:27:20 info: [0mGET /post [32m200[0m 7.564 ms - 450427[0m
2022-01-02 12:27:25 info: [0mGET /post [32m200[0m 6.457 ms - 450427[0m
2022-01-02 12:27:28 info: [0mGET /post [32m200[0m 6.548 ms - 450427[0m
2022-01-02 12:27:28 info: [0mGET /post/61cf3af6bc4b74109481342e [32m200[0m 144.679 ms - 450444[0m
2022-01-02 12:27:36 info: [0mGET /post [32m200[0m 6.023 ms - 450427[0m
2022-01-02 12:27:41 info: [0mGET /post [32m200[0m 6.824 ms - 450427[0m
2022-01-02 12:27:41 info: [0mGET /post/61cf3af6bc4b74109481342e [32m200[0m 8.804 ms - 450444[0m
2022-01-02 12:27:44 info: [0mGET /post [32m200[0m 10.770 ms - 450427[0m
2022-01-02 12:30:12 info: [0mGET /post [32m200[0m 12.228 ms - 450427[0m
2022-01-02 12:30:12 info: [0mGET /post/61cf3af6bc4b74109481342e [32m200[0m 9.375 ms - 450444[0m
2022-01-02 12:30:24 info: [0mGET /post/61cf3af6bc4b74109481342e [32m200[0m 24.079 ms - -[0m
2022-01-02 12:30:46 info: [0mGET /post [32m200[0m 9.139 ms - 450427[0m
2022-01-02 12:30:50 info: [0mGET /post [32m200[0m 7.155 ms - 450427[0m
2022-01-02 12:30:50 info: [0mGET /post/61cf3af6bc4b74109481342e [32m200[0m 6.611 ms - 450444[0m
2022-01-02 12:30:58 info: [0mGET /post [32m200[0m 26.810 ms - 450427[0m
2022-01-02 12:31:16 info: [0mGET /post [32m200[0m 25.934 ms - 450427[0m
2022-01-02 12:31:20 info: [0mGET /post [32m200[0m 5.560 ms - 450427[0m
2022-01-02 12:31:20 info: [0mGET /post/61cf3af6bc4b74109481342e [32m200[0m 5.955 ms - 450444[0m
2022-01-02 12:31:38 info: [0mGET /post [32m200[0m 5.661 ms - 450427[0m
2022-01-02 12:31:38 info: [0mGET /post/61cf3af6bc4b74109481342e [32m200[0m 6.006 ms - 450444[0m
2022-01-02 12:32:18 info: [0mGET /post [32m200[0m 8.288 ms - 450427[0m
2022-01-02 12:32:18 info: [0mGET /post/61cf3af6bc4b74109481342e [32m200[0m 8.805 ms - 450444[0m
2022-01-02 12:33:45 info: [0mGET /post [32m200[0m 8.436 ms - 450427[0m
2022-01-02 12:33:50 info: [0mGET /post [32m200[0m 5.874 ms - 450427[0m
2022-01-02 12:33:50 info: [0mGET /post/61cf3af6bc4b74109481342e [32m200[0m 6.264 ms - 450444[0m
2022-01-02 12:40:40 info: [0mGET /post [32m200[0m 7.243 ms - 450427[0m
2022-01-02 12:40:40 info: [0mGET /post/61cf3af6bc4b74109481342e [32m200[0m 10.192 ms - 450444[0m
2022-01-02 12:40:43 info: [0mGET /post [32m200[0m 6.645 ms - 450427[0m
2022-01-02 12:40:48 info: [0mGET /post [32m200[0m 5.586 ms - 450427[0m
2022-01-02 12:40:48 info: [0mGET /post/61cf3af6bc4b74109481342e [32m200[0m 7.029 ms - 450444[0m
2022-01-02 12:40:50 info: [0mGET /post [32m200[0m 27.998 ms - 450427[0m
