2023-01-19 22:23:56 info: =================================
2023-01-19 22:23:56 info: ======= ENV: development =======
2023-01-19 22:23:56 info: 🚀 App listening on the port 5000
2023-01-19 22:23:56 info: =================================
2023-01-19 22:31:07 info: [0mOPTIONS /contacts [32m204[0m 3.055 ms - 0[0m
2023-01-19 22:31:08 info: [0mGET /contacts [32m200[0m 56.432 ms - 15[0m
2023-01-19 22:31:18 info: [0mOPTIONS /post [32m204[0m 0.259 ms - 0[0m
2023-01-19 22:31:18 info: [0mGET /post [32m200[0m 56.865 ms - 12[0m
2023-01-19 23:02:12 info: [0mOPTIONS /post [32m204[0m 0.854 ms - 0[0m
2023-01-19 23:02:12 info: [0mPOST /post [32m201[0m 367.368 ms - 369[0m
2023-01-19 23:03:16 info: [0mOPTIONS /post [32m204[0m 0.696 ms - 0[0m
2023-01-19 23:03:16 info: [0mGET /post [32m200[0m 12.847 ms - 334[0m
2023-01-19 23:03:35 info: [0mGET /post [32m200[0m 2.938 ms - 334[0m
2023-01-19 23:03:35 info: [0mGET /post/63c9bde41b32ea7e4a2bea11 [32m200[0m 67.881 ms - 351[0m
2023-01-19 23:04:00 info: [0mGET /post [32m200[0m 3.952 ms - 334[0m
2023-01-19 23:04:00 info: [0mGET /post/63c9bde41b32ea7e4a2bea11 [32m200[0m 46.280 ms - 351[0m
2023-01-19 23:04:08 info: [0mGET /post [32m200[0m 3.094 ms - 334[0m
2023-01-19 23:04:08 info: [0mGET /post/63c9bde41b32ea7e4a2bea11 [32m200[0m 5.100 ms - 351[0m
2023-01-19 23:04:14 info: [0mGET /post [32m200[0m 4.347 ms - 334[0m
2023-01-19 23:04:14 info: [0mGET /post/63c9bde41b32ea7e4a2bea11 [32m200[0m 16.655 ms - 351[0m
2023-01-19 23:04:21 info: [0mGET /post [32m200[0m 5.568 ms - 334[0m
2023-01-19 23:04:21 info: [0mGET /post/63c9bde41b32ea7e4a2bea11 [32m200[0m 5.897 ms - 351[0m
2023-01-19 23:04:35 info: [0mGET /post [32m200[0m 4.289 ms - 334[0m
2023-01-19 23:04:35 info: [0mGET /post/63c9bde41b32ea7e4a2bea11 [32m200[0m 4.687 ms - 351[0m
2023-01-19 23:04:42 info: [0mGET /post [32m200[0m 5.193 ms - 334[0m
2023-01-19 23:04:50 info: [0mGET /post/63c9bde41b32ea7e4a2bea11 [32m200[0m 418.510 ms - 351[0m
2023-01-19 23:05:06 info: [0mGET /post [32m200[0m 9.636 ms - 334[0m
2023-01-19 23:05:06 info: [0mGET /post/63c9bde41b32ea7e4a2bea11 [32m200[0m 3.484 ms - 351[0m
2023-01-19 23:05:12 info: [0mGET /post [32m200[0m 4.541 ms - 334[0m
2023-01-19 23:05:12 info: [0mGET /post/63c9bde41b32ea7e4a2bea11 [32m200[0m 3.289 ms - 351[0m
2023-01-19 23:05:18 info: [0mGET /post [32m200[0m 4.193 ms - 334[0m
2023-01-19 23:05:18 info: [0mGET /post/63c9bde41b32ea7e4a2bea11 [32m200[0m 2.586 ms - 351[0m
2023-01-19 23:05:23 info: [0mGET /post [32m200[0m 2.493 ms - 334[0m
2023-01-19 23:05:23 info: [0mGET /post/63c9bde41b32ea7e4a2bea11 [32m200[0m 3.028 ms - 351[0m
2023-01-19 23:05:29 info: [0mGET /post [32m200[0m 6.643 ms - 334[0m
2023-01-19 23:05:29 info: [0mGET /post/63c9bde41b32ea7e4a2bea11 [32m200[0m 3.204 ms - 351[0m
2023-01-19 23:05:40 info: [0mGET /post [32m200[0m 2.818 ms - 334[0m
2023-01-19 23:05:40 info: [0mGET /post/63c9bde41b32ea7e4a2bea11 [32m200[0m 3.421 ms - 351[0m
2023-01-19 23:05:45 info: [0mGET /post [32m200[0m 2.325 ms - 334[0m
2023-01-19 23:05:45 info: [0mGET /post/63c9bde41b32ea7e4a2bea11 [32m200[0m 14.652 ms - 351[0m
2023-01-19 23:05:50 info: [0mGET /post [32m200[0m 4.027 ms - 334[0m
2023-01-19 23:05:50 info: [0mGET /post/63c9bde41b32ea7e4a2bea11 [32m200[0m 3.879 ms - 351[0m
2023-01-19 23:06:00 info: [0mGET /post [32m200[0m 3.912 ms - 334[0m
2023-01-19 23:06:01 info: [0mGET /post/63c9bde41b32ea7e4a2bea11 [32m200[0m 6.739 ms - 351[0m
2023-01-19 23:06:12 info: [0mGET /post [32m200[0m 2.239 ms - 334[0m
2023-01-19 23:06:12 info: [0mGET /post/63c9bde41b32ea7e4a2bea11 [32m200[0m 106.867 ms - 351[0m
2023-01-19 23:06:19 info: [0mGET /post [32m200[0m 2.898 ms - 334[0m
2023-01-19 23:06:19 info: [0mGET /post/63c9bde41b32ea7e4a2bea11 [32m200[0m 8.981 ms - 351[0m
2023-01-19 23:06:24 info: [0mGET /post [32m200[0m 2.478 ms - 334[0m
2023-01-19 23:06:24 info: [0mGET /post/63c9bde41b32ea7e4a2bea11 [32m200[0m 2.414 ms - 351[0m
2023-01-19 23:06:29 info: [0mGET /post [32m200[0m 2.431 ms - 334[0m
2023-01-19 23:06:29 info: [0mGET /post/63c9bde41b32ea7e4a2bea11 [32m200[0m 10.212 ms - 351[0m
2023-01-19 23:07:05 info: [0mOPTIONS /post [32m204[0m 0.720 ms - 0[0m
2023-01-19 23:07:38 info: [0mGET /post [32m200[0m 4.065 ms - 334[0m
2023-01-19 23:07:38 info: [0mGET /post/63c9bde41b32ea7e4a2bea11 [32m200[0m 7.248 ms - 351[0m
2023-01-19 23:08:09 info: [0mOPTIONS /post [32m204[0m 1.060 ms - 0[0m
2023-01-19 23:14:44 info: [0mOPTIONS /post [32m204[0m 5.470 ms - 0[0m
2023-01-19 23:14:44 info: [0mGET /post [36m304[0m 72.147 ms - -[0m
2023-01-19 23:14:58 info: [0mGET /post [32m200[0m 3.951 ms - 334[0m
2023-01-19 23:14:58 info: [0mGET /post/63c9bde41b32ea7e4a2bea11 [32m200[0m 84.605 ms - 351[0m
2023-01-19 23:15:04 info: [0mOPTIONS /post [32m204[0m 0.273 ms - 0[0m
2023-01-19 23:15:04 info: [0mGET /post [36m304[0m 48.420 ms - -[0m
2023-01-19 23:16:35 info: [0mOPTIONS /post [32m204[0m 0.961 ms - 0[0m
2023-01-19 23:16:35 info: [0mGET /post [36m304[0m 7.205 ms - -[0m
2023-01-19 23:16:46 info: [0mGET /post [32m200[0m 10.858 ms - 334[0m
2023-01-19 23:16:47 info: [0mGET /post/63c9bde41b32ea7e4a2bea11 [32m200[0m 28.594 ms - 351[0m
2023-01-19 23:20:59 info: [0mOPTIONS /post [32m204[0m 3.020 ms - 0[0m
2023-01-19 23:20:59 info: [0mGET /post [36m304[0m 24.273 ms - -[0m
2023-01-19 23:21:17 info: [0mGET /post [32m200[0m 45.029 ms - 334[0m
2023-01-19 23:21:17 info: [0mGET /post/63c9bde41b32ea7e4a2bea11 [32m200[0m 4.241 ms - 351[0m
2023-01-19 23:21:20 info: [0mOPTIONS /post [32m204[0m 1.153 ms - 0[0m
2023-01-19 23:21:20 info: [0mGET /post [36m304[0m 48.465 ms - -[0m
2023-01-19 23:22:45 info: =================================
2023-01-19 23:22:45 info: ======= ENV: development =======
2023-01-19 23:22:45 info: 🚀 App listening on the port 5000
2023-01-19 23:22:45 info: =================================
